<?xml version="1.0" encoding="UTF-8"?>
<!-- Generated by org.testng.reporters.JUnitXMLReporter -->
<testsuite hostname="kishor" ignored="0" name="Default test" tests="8" failures="0" timestamp="29 Jan 2020 09:45:34 GMT" time="0.72" errors="0">
  <testcase name="testLinkSpellings" time="0.017" classname="com.test.DasBoardTest"/>
  <testcase name="testLinkSpellings" time="0.004" classname="com.test.DasBoardTest"/>
  <testcase name="testLinkSpellings" time="0.002" classname="com.test.DasBoardTest"/>
  <testcase name="testLinkSpellings" time="0.003" classname="com.test.DasBoardTest"/>
  <testcase name="testLinkSpellings" time="0.002" classname="com.test.DasBoardTest"/>
  <testcase name="testLinkSpellings" time="0.002" classname="com.test.DasBoardTest"/>
  <testcase name="testLinksCount" time="0.002" classname="com.test.DasBoardTest"/>
  <testcase name="testLinksSeq" time="0.019" classname="com.test.DasBoardTest"/>
</testsuite> <!-- Default test -->
