<?xml version="1.0" encoding="UTF-8"?>
<!-- Generated by org.testng.reporters.JUnitXMLReporter -->
<testsuite hostname="kishor" ignored="0" name="Test" tests="8" failures="0" timestamp="28 Jan 2020 11:38:53 GMT" time="0.168" errors="0">
  <testcase name="testLinkSpellings" time="0.011" classname="com.test.DasBoardTest"/>
  <testcase name="testLinkSpellings" time="0.002" classname="com.test.DasBoardTest"/>
  <testcase name="testLinkSpellings" time="0.005" classname="com.test.DasBoardTest"/>
  <testcase name="testLinkSpellings" time="0.002" classname="com.test.DasBoardTest"/>
  <testcase name="testLinkSpellings" time="0.001" classname="com.test.DasBoardTest"/>
  <testcase name="testLinkSpellings" time="0.007" classname="com.test.DasBoardTest"/>
  <testcase name="testLinksCount" time="0.002" classname="com.test.DasBoardTest"/>
  <testcase name="testLinksSeq" time="0.003" classname="com.test.DasBoardTest"/>
</testsuite> <!-- Test -->
